# JRE version: OpenJDK Runtime Environment (11.0.11+9) (build 11.0.11+9-b60-7590822)
# Java VM: OpenJDK 64-Bit Server VM (11.0.11+9-b60-7590822, mixed mode, tiered, compressed oops, g1 gc, windows-amd64)
Heap:
 garbage-first heap   total 549888K, used 344297K [0x0000000080000000, 0x0000000100000000)
  region size 1024K, 106 young (108544K), 15 survivors (15360K)
 Metaspace       used 111449K, capacity 114325K, committed 114512K, reserved 1148928K
  class space    used 14289K, capacity 15428K, committed 15488K, reserved 1048576K
GC Heap History (20 events):
Event: 60.271 GC heap before
{Heap before GC invocations=64 (full 0):
 garbage-first heap   total 316416K, used 125862K [0x0000000080000000, 0x0000000100000000)
  region size 1024K, 15 young (15360K), 2 survivors (2048K)
 Metaspace       used 104904K, capacity 107476K, committed 107728K, reserved 1142784K
  class space    used 13524K, capacity 14525K, committed 14592K, reserved 1048576K
}
Event: 60.279 GC heap after
{Heap after GC invocations=65 (full 0):
 garbage-first heap   total 316416K, used 112795K [0x0000000080000000, 0x0000000100000000)
  region size 1024K, 2 young (2048K), 2 survivors (2048K)
 Metaspace       used 104904K, capacity 107476K, committed 107728K, reserved 1142784K
  class space    used 13524K, capacity 14525K, committed 14592K, reserved 1048576K
}
Event: 61.307 GC heap before
{Heap before GC invocations=65 (full 0):
 garbage-first heap   total 316416K, used 235675K [0x0000000080000000, 0x0000000100000000)
  region size 1024K, 123 young (125952K), 2 survivors (2048K)
 Metaspace       used 105863K, capacity 108432K, committed 108624K, reserved 1142784K
  class space    used 13619K, capacity 14630K, committed 14720K, reserved 1048576K
}
Event: 61.317 GC heap after
{Heap after GC invocations=66 (full 0):
 garbage-first heap   total 316416K, used 115146K [0x0000000080000000, 0x0000000100000000)
  region size 1024K, 4 young (4096K), 4 survivors (4096K)
 Metaspace       used 105863K, capacity 108432K, committed 108624K, reserved 1142784K
  class space    used 13619K, capacity 14630K, committed 14720K, reserved 1048576K
}
Event: 62.430 GC heap before
{Heap before GC invocations=66 (full 0):
 garbage-first heap   total 316416K, used 256458K [0x0000000080000000, 0x0000000100000000)
  region size 1024K, 142 young (145408K), 4 survivors (4096K)
 Metaspace       used 105871K, capacity 108497K, committed 108624K, reserved 1142784K
  class space    used 13619K, capacity 14630K, committed 14720K, reserved 1048576K
}
Event: 62.441 GC heap after
{Heap after GC invocations=67 (full 0):
 garbage-first heap   total 316416K, used 115938K [0x0000000080000000, 0x0000000100000000)
  region size 1024K, 5 young (5120K), 5 survivors (5120K)
 Metaspace       used 105871K, capacity 108497K, committed 108624K, reserved 1142784K
  class space    used 13619K, capacity 14630K, committed 14720K, reserved 1048576K
}
Event: 63.486 GC heap before
{Heap before GC invocations=67 (full 0):
 garbage-first heap   total 316416K, used 260322K [0x0000000080000000, 0x0000000100000000)
  region size 1024K, 146 young (149504K), 5 survivors (5120K)
 Metaspace       used 105883K, capacity 108497K, committed 108624K, reserved 1142784K
  class space    used 13619K, capacity 14630K, committed 14720K, reserved 1048576K
}
Event: 63.501 GC heap after
{Heap after GC invocations=68 (full 0):
 garbage-first heap   total 316416K, used 116399K [0x0000000080000000, 0x0000000100000000)
  region size 1024K, 5 young (5120K), 5 survivors (5120K)
 Metaspace       used 105883K, capacity 108497K, committed 108624K, reserved 1142784K
  class space    used 13619K, capacity 14630K, committed 14720K, reserved 1048576K
}
Event: 64.686 GC heap before
{Heap before GC invocations=68 (full 0):
 garbage-first heap   total 316416K, used 236207K [0x0000000080000000, 0x0000000100000000)
  region size 1024K, 99 young (101376K), 5 survivors (5120K)
 Metaspace       used 107421K, capacity 110092K, committed 110288K, reserved 1144832K
  class space    used 13805K, capacity 14841K, committed 14848K, reserved 1048576K
}
Event: 64.703 GC heap after
{Heap after GC invocations=69 (full 0):
 garbage-first heap   total 316416K, used 141689K [0x0000000080000000, 0x0000000100000000)
  region size 1024K, 12 young (12288K), 12 survivors (12288K)
 Metaspace       used 107421K, capacity 110092K, committed 110288K, reserved 1144832K
  class space    used 13805K, capacity 14841K, committed 14848K, reserved 1048576K
}
Event: 66.124 GC heap before
{Heap before GC invocations=70 (full 0):
 garbage-first heap   total 316416K, used 265593K [0x0000000080000000, 0x0000000100000000)
  region size 1024K, 129 young (132096K), 12 survivors (12288K)
 Metaspace       used 109752K, capacity 112453K, committed 112720K, reserved 1146880K
  class space    used 14051K, capacity 15132K, committed 15232K, reserved 1048576K
}
Event: 66.262 GC heap after
{Heap after GC invocations=71 (full 0):
 garbage-first heap   total 322560K, used 187261K [0x0000000080000000, 0x0000000100000000)
  region size 1024K, 17 young (17408K), 17 survivors (17408K)
 Metaspace       used 109752K, capacity 112453K, committed 112720K, reserved 1146880K
  class space    used 14051K, capacity 15132K, committed 15232K, reserved 1048576K
}
Event: 66.309 GC heap before
{Heap before GC invocations=71 (full 0):
 garbage-first heap   total 322560K, used 188285K [0x0000000080000000, 0x0000000100000000)
  region size 1024K, 18 young (18432K), 17 survivors (17408K)
 Metaspace       used 109752K, capacity 112453K, committed 112720K, reserved 1146880K
  class space    used 14051K, capacity 15132K, committed 15232K, reserved 1048576K
}
Event: 66.382 GC heap after
{Heap after GC invocations=72 (full 0):
 garbage-first heap   total 322560K, used 186880K [0x0000000080000000, 0x0000000100000000)
  region size 1024K, 2 young (2048K), 2 survivors (2048K)
 Metaspace       used 109752K, capacity 112453K, committed 112720K, reserved 1146880K
  class space    used 14051K, capacity 15132K, committed 15232K, reserved 1048576K
}
Event: 66.814 GC heap before
{Heap before GC invocations=72 (full 0):
 garbage-first heap   total 322560K, used 253440K [0x0000000080000000, 0x0000000100000000)
  region size 1024K, 66 young (67584K), 2 survivors (2048K)
 Metaspace       used 109919K, capacity 112616K, committed 112720K, reserved 1146880K
  class space    used 14068K, capacity 15143K, committed 15232K, reserved 1048576K
}
Event: 66.878 GC heap after
{Heap after GC invocations=73 (full 0):
 garbage-first heap   total 549888K, used 208384K [0x0000000080000000, 0x0000000100000000)
  region size 1024K, 9 young (9216K), 9 survivors (9216K)
 Metaspace       used 109919K, capacity 112616K, committed 112720K, reserved 1146880K
  class space    used 14068K, capacity 15143K, committed 15232K, reserved 1048576K
}
Event: 67.792 GC heap before
{Heap before GC invocations=73 (full 0):
 garbage-first heap   total 549888K, used 352768K [0x0000000080000000, 0x0000000100000000)
  region size 1024K, 150 young (153600K), 9 survivors (9216K)
 Metaspace       used 110207K, capacity 112998K, committed 113232K, reserved 1146880K
  class space    used 14121K, capacity 15226K, committed 15232K, reserved 1048576K
}
Event: 67.851 GC heap after
{Heap after GC invocations=74 (full 0):
 garbage-first heap   total 549888K, used 217335K [0x0000000080000000, 0x0000000100000000)
  region size 1024K, 18 young (18432K), 18 survivors (18432K)
 Metaspace       used 110207K, capacity 112998K, committed 113232K, reserved 1146880K
  class space    used 14121K, capacity 15226K, committed 15232K, reserved 1048576K
}
Event: 70.324 GC heap before
{Heap before GC invocations=74 (full 0):
 garbage-first heap   total 549888K, used 386295K [0x0000000080000000, 0x0000000100000000)
  region size 1024K, 164 young (167936K), 18 survivors (18432K)
 Metaspace       used 110942K, capacity 113711K, committed 113872K, reserved 1148928K
  class space    used 14206K, capacity 15331K, committed 15360K, reserved 1048576K
}
Event: 70.394 GC heap after
{Heap after GC invocations=75 (full 0):
 garbage-first heap   total 549888K, used 240873K [0x0000000080000000, 0x0000000100000000)
  region size 1024K, 15 young (15360K), 15 survivors (15360K)
 Metaspace       used 110942K, capacity 113711K, committed 113872K, reserved 1148928K
  class space    used 14206K, capacity 15331K, committed 15360K, reserved 1048576K
}

