# JRE version: OpenJDK Runtime Environment (11.0.11+9) (build 11.0.11+9-b60-7590822)
# Java VM: OpenJDK 64-Bit Server VM (11.0.11+9-b60-7590822, mixed mode, tiered, compressed oops, g1 gc, windows-amd64)
Heap:
 garbage-first heap   total 328704K, used 153882K [0x0000000080000000, 0x0000000100000000)
  region size 1024K, 3 young (3072K), 3 survivors (3072K)
 Metaspace       used 146910K, capacity 150505K, committed 150548K, reserved 1181696K
  class space    used 18020K, capacity 19378K, committed 19404K, reserved 1048576K
GC Heap History (20 events):
Event: 12289.478 GC heap after
{Heap after GC invocations=144 (full 0):
 garbage-first heap   total 273408K, used 157131K [0x0000000080000000, 0x0000000100000000)
  region size 1024K, 2 young (2048K), 2 survivors (2048K)
 Metaspace       used 146337K, capacity 149892K, committed 150036K, reserved 1179648K
  class space    used 18008K, capacity 19357K, committed 19404K, reserved 1048576K
}
Event: 12289.920 GC heap before
{Heap before GC invocations=144 (full 0):
 garbage-first heap   total 273408K, used 229835K [0x0000000080000000, 0x0000000100000000)
  region size 1024K, 73 young (74752K), 2 survivors (2048K)
 Metaspace       used 146368K, capacity 149965K, committed 150036K, reserved 1179648K
  class space    used 18009K, capacity 19360K, committed 19404K, reserved 1048576K
}
Event: 12289.928 GC heap after
{Heap after GC invocations=145 (full 0):
 garbage-first heap   total 273408K, used 157322K [0x0000000080000000, 0x0000000100000000)
  region size 1024K, 2 young (2048K), 2 survivors (2048K)
 Metaspace       used 146368K, capacity 149965K, committed 150036K, reserved 1179648K
  class space    used 18009K, capacity 19360K, committed 19404K, reserved 1048576K
}
Event: 12290.714 GC heap before
{Heap before GC invocations=146 (full 0):
 garbage-first heap   total 273408K, used 232074K [0x0000000080000000, 0x0000000100000000)
  region size 1024K, 75 young (76800K), 2 survivors (2048K)
 Metaspace       used 146397K, capacity 149976K, committed 150036K, reserved 1179648K
  class space    used 18011K, capacity 19363K, committed 19404K, reserved 1048576K
}
Event: 12290.723 GC heap after
{Heap after GC invocations=147 (full 0):
 garbage-first heap   total 273408K, used 157539K [0x0000000080000000, 0x0000000100000000)
  region size 1024K, 2 young (2048K), 2 survivors (2048K)
 Metaspace       used 146397K, capacity 149976K, committed 150036K, reserved 1179648K
  class space    used 18011K, capacity 19363K, committed 19404K, reserved 1048576K
}
Event: 12290.776 GC heap before
{Heap before GC invocations=147 (full 0):
 garbage-first heap   total 273408K, used 168803K [0x0000000080000000, 0x0000000100000000)
  region size 1024K, 13 young (13312K), 2 survivors (2048K)
 Metaspace       used 146398K, capacity 149977K, committed 150036K, reserved 1179648K
  class space    used 18011K, capacity 19363K, committed 19404K, reserved 1048576K
}
Event: 12290.787 GC heap after
{Heap after GC invocations=148 (full 0):
 garbage-first heap   total 273408K, used 154880K [0x0000000080000000, 0x0000000100000000)
  region size 1024K, 1 young (1024K), 1 survivors (1024K)
 Metaspace       used 146398K, capacity 149977K, committed 150036K, reserved 1179648K
  class space    used 18011K, capacity 19363K, committed 19404K, reserved 1048576K
}
Event: 12291.209 GC heap before
{Heap before GC invocations=148 (full 0):
 garbage-first heap   total 273408K, used 232704K [0x0000000080000000, 0x0000000100000000)
  region size 1024K, 77 young (78848K), 1 survivors (1024K)
 Metaspace       used 146417K, capacity 149979K, committed 150036K, reserved 1179648K
  class space    used 18011K, capacity 19363K, committed 19404K, reserved 1048576K
}
Event: 12291.217 GC heap after
{Heap after GC invocations=149 (full 0):
 garbage-first heap   total 273408K, used 155191K [0x0000000080000000, 0x0000000100000000)
  region size 1024K, 2 young (2048K), 2 survivors (2048K)
 Metaspace       used 146417K, capacity 149979K, committed 150036K, reserved 1179648K
  class space    used 18011K, capacity 19363K, committed 19404K, reserved 1048576K
}
Event: 12292.218 GC heap before
{Heap before GC invocations=150 (full 0):
 garbage-first heap   total 273408K, used 233015K [0x0000000080000000, 0x0000000100000000)
  region size 1024K, 78 young (79872K), 2 survivors (2048K)
 Metaspace       used 146694K, capacity 150322K, committed 150548K, reserved 1181696K
  class space    used 18017K, capacity 19374K, committed 19404K, reserved 1048576K
}
Event: 12292.230 GC heap after
{Heap after GC invocations=151 (full 0):
 garbage-first heap   total 273408K, used 157046K [0x0000000080000000, 0x0000000100000000)
  region size 1024K, 4 young (4096K), 4 survivors (4096K)
 Metaspace       used 146694K, capacity 150322K, committed 150548K, reserved 1181696K
  class space    used 18017K, capacity 19374K, committed 19404K, reserved 1048576K
}
Event: 12292.287 GC heap before
{Heap before GC invocations=151 (full 0):
 garbage-first heap   total 273408K, used 166262K [0x0000000080000000, 0x0000000100000000)
  region size 1024K, 13 young (13312K), 4 survivors (4096K)
 Metaspace       used 146713K, capacity 150323K, committed 150548K, reserved 1181696K
  class space    used 18017K, capacity 19374K, committed 19404K, reserved 1048576K
}
Event: 12292.298 GC heap after
{Heap after GC invocations=152 (full 0):
 garbage-first heap   total 273408K, used 154819K [0x0000000080000000, 0x0000000100000000)
  region size 1024K, 2 young (2048K), 2 survivors (2048K)
 Metaspace       used 146713K, capacity 150323K, committed 150548K, reserved 1181696K
  class space    used 18017K, capacity 19374K, committed 19404K, reserved 1048576K
}
Event: 12292.702 GC heap before
{Heap before GC invocations=152 (full 0):
 garbage-first heap   total 273408K, used 233667K [0x0000000080000000, 0x0000000100000000)
  region size 1024K, 79 young (80896K), 2 survivors (2048K)
 Metaspace       used 146745K, capacity 150340K, committed 150548K, reserved 1181696K
  class space    used 18020K, capacity 19378K, committed 19404K, reserved 1048576K
}
Event: 12292.711 GC heap after
{Heap after GC invocations=153 (full 0):
 garbage-first heap   total 273408K, used 156060K [0x0000000080000000, 0x0000000100000000)
  region size 1024K, 3 young (3072K), 3 survivors (3072K)
 Metaspace       used 146745K, capacity 150340K, committed 150548K, reserved 1181696K
  class space    used 18020K, capacity 19378K, committed 19404K, reserved 1048576K
}
Event: 12293.517 GC heap before
{Heap before GC invocations=154 (full 0):
 garbage-first heap   total 273408K, used 234908K [0x0000000080000000, 0x0000000100000000)
  region size 1024K, 80 young (81920K), 3 survivors (3072K)
 Metaspace       used 146759K, capacity 150341K, committed 150548K, reserved 1181696K
  class space    used 18020K, capacity 19378K, committed 19404K, reserved 1048576K
}
Event: 12293.525 GC heap after
{Heap after GC invocations=155 (full 0):
 garbage-first heap   total 273408K, used 156131K [0x0000000080000000, 0x0000000100000000)
  region size 1024K, 3 young (3072K), 3 survivors (3072K)
 Metaspace       used 146759K, capacity 150341K, committed 150548K, reserved 1181696K
  class space    used 18020K, capacity 19378K, committed 19404K, reserved 1048576K
}
Event: 12293.597 GC heap before
{Heap before GC invocations=155 (full 0):
 garbage-first heap   total 273408K, used 166371K [0x0000000080000000, 0x0000000100000000)
  region size 1024K, 13 young (13312K), 3 survivors (3072K)
 Metaspace       used 146760K, capacity 150341K, committed 150548K, reserved 1181696K
  class space    used 18020K, capacity 19378K, committed 19404K, reserved 1048576K
}
Event: 12293.618 GC heap after
{Heap after GC invocations=156 (full 0):
 garbage-first heap   total 273408K, used 152473K [0x0000000080000000, 0x0000000100000000)
  region size 1024K, 1 young (1024K), 1 survivors (1024K)
 Metaspace       used 146760K, capacity 150341K, committed 150548K, reserved 1181696K
  class space    used 18020K, capacity 19378K, committed 19404K, reserved 1048576K
}
Event: 12293.856 GC heap before
{Heap before GC invocations=156 (full 0):
 garbage-first heap   total 273408K, used 178073K [0x0000000080000000, 0x0000000100000000)
  region size 1024K, 27 young (27648K), 1 survivors (1024K)
 Metaspace       used 146910K, capacity 150505K, committed 150548K, reserved 1181696K
  class space    used 18020K, capacity 19378K, committed 19404K, reserved 1048576K
}

